<?xml version="1.0" encoding="UTF-8"?>
<testng-results skipped="0" failed="0" ignored="0" total="0" passed="0">
  <reporter-output>
  </reporter-output>
  <suite name="Surefire suite" duration-ms="7362" started-at="2020-08-18T11:40:50 CEST" finished-at="2020-08-18T11:40:58 CEST">
    <groups>
    </groups>
    <test name="Surefire test" duration-ms="7362" started-at="2020-08-18T11:40:50 CEST" finished-at="2020-08-18T11:40:58 CEST">
    </test> <!-- Surefire test -->
  </suite> <!-- Surefire suite -->
</testng-results>
